{"timestamp":"2026-03-10 12:46:46","level":"error","message":"Erreur lors du seeding","stack":"SequelizeAccessDeniedError: Access denied for user 'root'@'localhost' (using password: YES)\n    at ConnectionManager.connect (/home/legendaire/api-rest-backend/node_modules/sequelize/lib/dialects/mysql/connection-manager.js:94:17)\n    at process.processTicksAndRejections (node:internal/process/task_queues:95:5)\n    at async ConnectionManager._connect (/home/legendaire/api-rest-backend/node_modules/sequelize/lib/dialects/abstract/connection-manager.js:222:24)\n    at async /home/legendaire/api-rest-backend/node_modules/sequelize/lib/dialects/abstract/connection-manager.js:174:32\n    at async ConnectionManager.getConnection (/home/legendaire/api-rest-backend/node_modules/sequelize/lib/dialects/abstract/connection-manager.js:197:7)\n    at async /home/legendaire/api-rest-backend/node_modules/sequelize/lib/sequelize.js:305:26\n    at async Sequelize.authenticate (/home/legendaire/api-rest-backend/node_modules/sequelize/lib/sequelize.js:457:5)\n    at async connectDB (/home/legendaire/api-rest-backend/src/config/database.js:40:3)\n    at async seed (/home/legendaire/api-rest-backend/scripts/seed.js:11:5)","meta":{"err":"Access denied for user 'root'@'localhost' (using password: YES)"}}
{"timestamp":"2026-03-10 13:02:02","level":"error","message":"Erreur lors du seeding","stack":"SequelizeAccessDeniedError: Access denied for user 'root'@'localhost' (using password: YES)\n    at ConnectionManager.connect (/home/legendaire/api-rest-backend/node_modules/sequelize/lib/dialects/mysql/connection-manager.js:94:17)\n    at process.processTicksAndRejections (node:internal/process/task_queues:95:5)\n    at async ConnectionManager._connect (/home/legendaire/api-rest-backend/node_modules/sequelize/lib/dialects/abstract/connection-manager.js:222:24)\n    at async /home/legendaire/api-rest-backend/node_modules/sequelize/lib/dialects/abstract/connection-manager.js:174:32\n    at async ConnectionManager.getConnection (/home/legendaire/api-rest-backend/node_modules/sequelize/lib/dialects/abstract/connection-manager.js:197:7)\n    at async /home/legendaire/api-rest-backend/node_modules/sequelize/lib/sequelize.js:305:26\n    at async Sequelize.authenticate (/home/legendaire/api-rest-backend/node_modules/sequelize/lib/sequelize.js:457:5)\n    at async connectDB (/home/legendaire/api-rest-backend/src/config/database.js:40:3)\n    at async seed (/home/legendaire/api-rest-backend/scripts/seed.js:11:5)","meta":{"err":"Access denied for user 'root'@'localhost' (using password: YES)"}}
{"timestamp":"2026-03-10 13:10:16","level":"debug","message":"Executing (default): SELECT 1+1 AS result"}
{"timestamp":"2026-03-10 13:10:16","level":"info","message":"Connexion MySQL établie avec succès"}
{"timestamp":"2026-03-10 13:10:16","level":"info","message":"Connexion Redis établie avec succès"}
{"timestamp":"2026-03-10 13:10:16","level":"info","message":"Début du seeding..."}
{"timestamp":"2026-03-10 13:10:16","level":"debug","message":"Executing (50e0982f-c4df-418a-a593-5fd2f0011afe): START TRANSACTION;"}
{"timestamp":"2026-03-10 13:10:16","level":"debug","message":"Executing (50e0982f-c4df-418a-a593-5fd2f0011afe): SELECT `id`, `email`, `password_hash`, `first_name`, `last_name`, `role`, `is_active`, `last_login_at`, `createdAt`, `updatedAt`, `deletedAt` FROM `users` AS `User` WHERE (`User`.`deletedAt` IS NULL AND `User`.`email` = 'admin@example.com');"}
{"timestamp":"2026-03-10 13:10:16","level":"debug","message":"Executing (50e0982f-c4df-418a-a593-5fd2f0011afe): COMMIT;"}
{"timestamp":"2026-03-10 13:10:16","level":"error","message":"Erreur lors du seeding","stack":"Error\n    at Query.run (/home/legendaire/api-rest-backend/node_modules/sequelize/lib/dialects/mysql/query.js:52:25)\n    at /home/legendaire/api-rest-backend/node_modules/sequelize/lib/sequelize.js:315:28\n    at process.processTicksAndRejections (node:internal/process/task_queues:95:5)\n    at async MySQLQueryInterface.select (/home/legendaire/api-rest-backend/node_modules/sequelize/lib/dialects/abstract/query-interface.js:407:12)\n    at async User.findAll (/home/legendaire/api-rest-backend/node_modules/sequelize/lib/model.js:1140:21)\n    at async User.findOne (/home/legendaire/api-rest-backend/node_modules/sequelize/lib/model.js:1240:12)\n    at async User.findOrCreate (/home/legendaire/api-rest-backend/node_modules/sequelize/lib/model.js:1411:21)\n    at async seed (/home/legendaire/api-rest-backend/scripts/seed.js:18:21)","meta":{"err":"Unknown column 'createdAt' in 'field list'"}}
{"timestamp":"2026-03-10 13:21:47","level":"debug","message":"Executing (default): SELECT 1+1 AS result"}
{"timestamp":"2026-03-10 13:21:47","level":"info","message":"Connexion MySQL établie avec succès"}
{"timestamp":"2026-03-10 13:21:47","level":"info","message":"Connexion Redis établie avec succès"}
{"timestamp":"2026-03-10 13:21:47","level":"info","message":"Début du seeding..."}
{"timestamp":"2026-03-10 13:21:48","level":"debug","message":"Executing (3b0ca055-4006-4fc1-bcf3-5757289edacc): START TRANSACTION;"}
{"timestamp":"2026-03-10 13:21:48","level":"debug","message":"Executing (3b0ca055-4006-4fc1-bcf3-5757289edacc): SELECT `id`, `email`, `password_hash`, `first_name`, `last_name`, `role`, `is_active`, `last_login_at`, `created_at` AS `createdAt`, `updated_at` AS `updatedAt`, `deleted_at` AS `deletedAt` FROM `users` AS `User` WHERE (`User`.`deleted_at` IS NULL AND `User`.`email` = 'admin@example.com');"}
{"timestamp":"2026-03-10 13:21:48","level":"debug","message":"Executing (3b0ca055-4006-4fc1-bcf3-5757289edacc): INSERT INTO `users` (`id`,`email`,`password_hash`,`first_name`,`last_name`,`role`,`is_active`,`created_at`,`updated_at`) VALUES (DEFAULT,?,?,?,?,?,?,?,?);"}
{"timestamp":"2026-03-10 13:21:48","level":"debug","message":"Executing (3b0ca055-4006-4fc1-bcf3-5757289edacc): COMMIT;"}
{"timestamp":"2026-03-10 13:21:48","level":"debug","message":"Executing (e882c7ff-bad6-4e4a-be42-03208ec7fade): START TRANSACTION;"}
{"timestamp":"2026-03-10 13:21:48","level":"debug","message":"Executing (e882c7ff-bad6-4e4a-be42-03208ec7fade): SELECT `id`, `email`, `password_hash`, `first_name`, `last_name`, `role`, `is_active`, `last_login_at`, `created_at` AS `createdAt`, `updated_at` AS `updatedAt`, `deleted_at` AS `deletedAt` FROM `users` AS `User` WHERE (`User`.`deleted_at` IS NULL AND `User`.`email` = 'manager@example.com');"}
{"timestamp":"2026-03-10 13:21:48","level":"debug","message":"Executing (e882c7ff-bad6-4e4a-be42-03208ec7fade): INSERT INTO `users` (`id`,`email`,`password_hash`,`first_name`,`last_name`,`role`,`is_active`,`created_at`,`updated_at`) VALUES (DEFAULT,?,?,?,?,?,?,?,?);"}
{"timestamp":"2026-03-10 13:21:48","level":"debug","message":"Executing (e882c7ff-bad6-4e4a-be42-03208ec7fade): COMMIT;"}
{"timestamp":"2026-03-10 13:21:49","level":"debug","message":"Executing (c515886b-8b13-4b68-9514-c3ee175a26bb): START TRANSACTION;"}
{"timestamp":"2026-03-10 13:21:49","level":"debug","message":"Executing (c515886b-8b13-4b68-9514-c3ee175a26bb): SELECT `id`, `email`, `password_hash`, `first_name`, `last_name`, `role`, `is_active`, `last_login_at`, `created_at` AS `createdAt`, `updated_at` AS `updatedAt`, `deleted_at` AS `deletedAt` FROM `users` AS `User` WHERE (`User`.`deleted_at` IS NULL AND `User`.`email` = 'member@example.com');"}
{"timestamp":"2026-03-10 13:21:49","level":"debug","message":"Executing (c515886b-8b13-4b68-9514-c3ee175a26bb): INSERT INTO `users` (`id`,`email`,`password_hash`,`first_name`,`last_name`,`role`,`is_active`,`created_at`,`updated_at`) VALUES (DEFAULT,?,?,?,?,?,?,?,?);"}
{"timestamp":"2026-03-10 13:21:49","level":"debug","message":"Executing (c515886b-8b13-4b68-9514-c3ee175a26bb): COMMIT;"}
{"timestamp":"2026-03-10 13:21:49","level":"debug","message":"Executing (e8d8facf-a327-4a94-acb3-68fbf97f9e4b): START TRANSACTION;"}
{"timestamp":"2026-03-10 13:21:49","level":"debug","message":"Executing (e8d8facf-a327-4a94-acb3-68fbf97f9e4b): SELECT `id`, `name`, `description`, `status`, `owner_id`, `deadline`, `created_at` AS `createdAt`, `updated_at` AS `updatedAt`, `deleted_at` AS `deletedAt` FROM `projects` AS `Project` WHERE (`Project`.`deleted_at` IS NULL AND `Project`.`name` = 'Projet Démo') LIMIT 1;"}
{"timestamp":"2026-03-10 13:21:49","level":"debug","message":"Executing (e8d8facf-a327-4a94-acb3-68fbf97f9e4b): INSERT INTO `projects` (`id`,`name`,`description`,`status`,`owner_id`,`deadline`,`created_at`,`updated_at`) VALUES (DEFAULT,?,?,?,?,?,?,?);"}
{"timestamp":"2026-03-10 13:21:49","level":"debug","message":"Executing (e8d8facf-a327-4a94-acb3-68fbf97f9e4b): COMMIT;"}
{"timestamp":"2026-03-10 13:21:49","level":"debug","message":"Executing (32fb1615-1bc9-46d9-967e-6620f5a6a00b): START TRANSACTION;"}
{"timestamp":"2026-03-10 13:21:49","level":"debug","message":"Executing (32fb1615-1bc9-46d9-967e-6620f5a6a00b): SELECT `id`, `title`, `description`, `status`, `priority`, `project_id`, `assignee_id`, `due_date`, `created_at` AS `createdAt`, `updated_at` AS `updatedAt`, `deleted_at` AS `deletedAt` FROM `tasks` AS `Task` WHERE (`Task`.`deleted_at` IS NULL AND (`Task`.`title` = 'Configurer l\\'environnement' AND `Task`.`project_id` = 1)) LIMIT 1;"}
{"timestamp":"2026-03-10 13:21:49","level":"debug","message":"Executing (32fb1615-1bc9-46d9-967e-6620f5a6a00b): INSERT INTO `tasks` (`id`,`title`,`description`,`status`,`priority`,`project_id`,`assignee_id`,`created_at`,`updated_at`) VALUES (DEFAULT,?,?,?,?,?,?,?,?);"}
{"timestamp":"2026-03-10 13:21:49","level":"debug","message":"Executing (32fb1615-1bc9-46d9-967e-6620f5a6a00b): COMMIT;"}
{"timestamp":"2026-03-10 13:21:49","level":"debug","message":"Executing (46ee094f-cb83-4a65-8fba-08064ac7203c): START TRANSACTION;"}
{"timestamp":"2026-03-10 13:21:49","level":"debug","message":"Executing (46ee094f-cb83-4a65-8fba-08064ac7203c): SELECT `id`, `title`, `description`, `status`, `priority`, `project_id`, `assignee_id`, `due_date`, `created_at` AS `createdAt`, `updated_at` AS `updatedAt`, `deleted_at` AS `deletedAt` FROM `tasks` AS `Task` WHERE (`Task`.`deleted_at` IS NULL AND (`Task`.`title` = 'Implémenter l\\'authentification' AND `Task`.`project_id` = 1)) LIMIT 1;"}
{"timestamp":"2026-03-10 13:21:49","level":"debug","message":"Executing (46ee094f-cb83-4a65-8fba-08064ac7203c): INSERT INTO `tasks` (`id`,`title`,`description`,`status`,`priority`,`project_id`,`assignee_id`,`created_at`,`updated_at`) VALUES (DEFAULT,?,?,?,?,?,?,?,?);"}
{"timestamp":"2026-03-10 13:21:49","level":"debug","message":"Executing (46ee094f-cb83-4a65-8fba-08064ac7203c): COMMIT;"}
{"timestamp":"2026-03-10 13:21:49","level":"debug","message":"Executing (a246dd3a-b8f4-4ebc-815a-5b2b0d7b9753): START TRANSACTION;"}
{"timestamp":"2026-03-10 13:21:49","level":"debug","message":"Executing (a246dd3a-b8f4-4ebc-815a-5b2b0d7b9753): SELECT `id`, `title`, `description`, `status`, `priority`, `project_id`, `assignee_id`, `due_date`, `created_at` AS `createdAt`, `updated_at` AS `updatedAt`, `deleted_at` AS `deletedAt` FROM `tasks` AS `Task` WHERE (`Task`.`deleted_at` IS NULL AND (`Task`.`title` = 'Écrire les tests' AND `Task`.`project_id` = 1)) LIMIT 1;"}
{"timestamp":"2026-03-10 13:21:49","level":"debug","message":"Executing (a246dd3a-b8f4-4ebc-815a-5b2b0d7b9753): INSERT INTO `tasks` (`id`,`title`,`description`,`status`,`priority`,`project_id`,`created_at`,`updated_at`) VALUES (DEFAULT,?,?,?,?,?,?,?);"}
{"timestamp":"2026-03-10 13:21:49","level":"debug","message":"Executing (a246dd3a-b8f4-4ebc-815a-5b2b0d7b9753): COMMIT;"}
{"timestamp":"2026-03-10 13:21:49","level":"info","message":"Seeding terminé avec succès","meta":{"users":["admin@example.com","manager@example.com","member@example.com"],"projects":["Projet Démo"]}}
{"timestamp":"2026-03-10 13:31:34","level":"debug","message":"Executing (default): SELECT 1+1 AS result"}
{"timestamp":"2026-03-10 13:31:34","level":"info","message":"Connexion MySQL établie avec succès"}
{"timestamp":"2026-03-10 13:31:34","level":"info","message":"Connexion Redis établie avec succès"}
{"timestamp":"2026-03-10 13:31:34","level":"info","message":"Serveur démarré sur le port 3000","meta":{"env":"development","port":3000}}
{"timestamp":"2026-03-10 13:34:24","level":"info","message":"::ffff:127.0.0.1 - - [10/Mar/2026:12:34:24 +0000] \"GET /api/v1/auth/register HTTP/1.1\" 404 76 \"-\" \"Mozilla/5.0 (X11; Ubuntu; Linux x86_64; rv:148.0) Gecko/20100101 Firefox/148.0\""}
{"timestamp":"2026-03-10 13:34:25","level":"info","message":"::ffff:127.0.0.1 - - [10/Mar/2026:12:34:25 +0000] \"GET /favicon.ico HTTP/1.1\" 404 76 \"-\" \"Mozilla/5.0 (X11; Ubuntu; Linux x86_64; rv:148.0) Gecko/20100101 Firefox/148.0\""}
{"timestamp":"2026-03-10 13:35:49","level":"debug","message":"Executing (default): SELECT 1+1 AS result"}
{"timestamp":"2026-03-10 13:35:49","level":"info","message":"Connexion MySQL établie avec succès"}
{"timestamp":"2026-03-10 13:35:49","level":"info","message":"Connexion Redis établie avec succès"}
{"timestamp":"2026-03-10 13:35:49","level":"info","message":"Serveur démarré sur le port 3000","meta":{"env":"development","port":3000}}
{"timestamp":"2026-03-10 13:36:41","level":"info","message":"::1 - - [10/Mar/2026:12:36:41 +0000] \"GET /api/v1/health HTTP/1.1\" 200 129 \"-\" \"curl/8.14.1\""}
{"timestamp":"2026-03-10 13:38:45","level":"debug","message":"Executing (default): SELECT `id`, `email`, `password_hash`, `first_name`, `last_name`, `role`, `is_active`, `last_login_at`, `created_at` AS `createdAt`, `updated_at` AS `updatedAt`, `deleted_at` AS `deletedAt` FROM `users` AS `User` WHERE (`User`.`deleted_at` IS NULL AND `User`.`email` = 'test@test.com');"}
{"timestamp":"2026-03-10 13:38:46","level":"debug","message":"Executing (default): INSERT INTO `users` (`id`,`email`,`password_hash`,`first_name`,`last_name`,`role`,`is_active`,`created_at`,`updated_at`) VALUES (DEFAULT,?,?,?,?,?,?,?,?);"}
{"timestamp":"2026-03-10 13:38:46","level":"debug","message":"Executing (default): INSERT INTO `audit_logs` (`id`,`user_id`,`action`,`entity_type`,`entity_id`,`meta`,`ip_address`,`created_at`) VALUES (DEFAULT,?,?,?,?,?,?,?);"}
{"timestamp":"2026-03-10 13:38:46","level":"info","message":"Nouvel utilisateur créé","meta":{"userId":4}}
{"timestamp":"2026-03-10 13:38:46","level":"info","message":"::1 - - [10/Mar/2026:12:38:46 +0000] \"POST /api/v1/auth/register HTTP/1.1\" 201 208 \"-\" \"curl/8.14.1\""}
{"timestamp":"2026-03-10 13:39:04","level":"debug","message":"Executing (default): SELECT `id`, `email`, `password_hash`, `first_name`, `last_name`, `role`, `is_active`, `last_login_at`, `created_at` AS `createdAt`, `updated_at` AS `updatedAt`, `deleted_at` AS `deletedAt` FROM `users` AS `User` WHERE (`User`.`deleted_at` IS NULL AND `User`.`email` = 'admin@example.com');"}
{"timestamp":"2026-03-10 13:39:05","level":"debug","message":"Executing (default): INSERT INTO `tokens` (`id`,`user_id`,`token_hash`,`expires_at`,`revoked_at`,`ip_address`,`user_agent`,`created_at`) VALUES (DEFAULT,?,?,?,?,?,?,?);"}
{"timestamp":"2026-03-10 13:39:05","level":"debug","message":"Executing (default): UPDATE `users` SET `last_login_at`=?,`updated_at`=? WHERE `id` = ?"}
{"timestamp":"2026-03-10 13:39:05","level":"debug","message":"Executing (default): INSERT INTO `audit_logs` (`id`,`user_id`,`action`,`entity_type`,`entity_id`,`meta`,`ip_address`,`created_at`) VALUES (DEFAULT,?,?,?,?,?,?,?);"}
{"timestamp":"2026-03-10 13:39:05","level":"info","message":"::1 - - [10/Mar/2026:12:39:05 +0000] \"POST /api/v1/auth/login HTTP/1.1\" 200 497 \"-\" \"curl/8.14.1\""}
{"timestamp":"2026-03-10 13:39:22","level":"info","message":"::ffff:127.0.0.1 - - [10/Mar/2026:12:39:22 +0000] \"GET /api/v1/health HTTP/1.1\" 200 129 \"-\" \"Mozilla/5.0 (X11; Ubuntu; Linux x86_64; rv:148.0) Gecko/20100101 Firefox/148.0\""}
{"timestamp":"2026-03-10 13:39:22","level":"info","message":"::ffff:127.0.0.1 - - [10/Mar/2026:12:39:22 +0000] \"GET /favicon.ico HTTP/1.1\" 404 76 \"-\" \"Mozilla/5.0 (X11; Ubuntu; Linux x86_64; rv:148.0) Gecko/20100101 Firefox/148.0\""}
{"timestamp":"2026-03-10 19:40:39","level":"debug","message":"Executing (default): SELECT 1+1 AS result"}
{"timestamp":"2026-03-10 19:40:39","level":"info","message":"Connexion MySQL établie avec succès"}
{"timestamp":"2026-03-10 19:40:39","level":"info","message":"Connexion Redis établie avec succès"}
{"timestamp":"2026-03-10 19:40:39","level":"info","message":"Serveur démarré sur le port 3000","meta":{"env":"development","port":3000}}
{"timestamp":"2026-03-10 19:41:15","level":"info","message":"::ffff:127.0.0.1 - - [10/Mar/2026:18:41:15 +0000] \"GET /api/v1/auth/register%20/ HTTP/1.1\" 404 76 \"-\" \"Mozilla/5.0 (X11; Ubuntu; Linux x86_64; rv:148.0) Gecko/20100101 Firefox/148.0\""}
{"timestamp":"2026-03-10 19:41:15","level":"info","message":"::ffff:127.0.0.1 - - [10/Mar/2026:18:41:15 +0000] \"GET /favicon.ico HTTP/1.1\" 404 76 \"-\" \"Mozilla/5.0 (X11; Ubuntu; Linux x86_64; rv:148.0) Gecko/20100101 Firefox/148.0\""}
{"timestamp":"2026-03-10 19:41:34","level":"info","message":"::ffff:127.0.0.1 - - [10/Mar/2026:18:41:34 +0000] \"GET /api/v1/auth HTTP/1.1\" 404 76 \"-\" \"Mozilla/5.0 (X11; Ubuntu; Linux x86_64; rv:148.0) Gecko/20100101 Firefox/148.0\""}
{"timestamp":"2026-03-10 19:41:34","level":"info","message":"::ffff:127.0.0.1 - - [10/Mar/2026:18:41:34 +0000] \"GET /favicon.ico HTTP/1.1\" 404 76 \"-\" \"Mozilla/5.0 (X11; Ubuntu; Linux x86_64; rv:148.0) Gecko/20100101 Firefox/148.0\""}
{"timestamp":"2026-03-10 19:41:53","level":"info","message":"::ffff:127.0.0.1 - - [10/Mar/2026:18:41:53 +0000] \"GET /api/v1/auth/register HTTP/1.1\" 404 76 \"-\" \"Mozilla/5.0 (X11; Ubuntu; Linux x86_64; rv:148.0) Gecko/20100101 Firefox/148.0\""}
{"timestamp":"2026-03-10 19:41:53","level":"info","message":"::ffff:127.0.0.1 - - [10/Mar/2026:18:41:53 +0000] \"GET /favicon.ico HTTP/1.1\" 404 76 \"-\" \"Mozilla/5.0 (X11; Ubuntu; Linux x86_64; rv:148.0) Gecko/20100101 Firefox/148.0\""}
{"timestamp":"2026-03-10 19:43:19","level":"info","message":"::ffff:127.0.0.1 - - [10/Mar/2026:18:43:19 +0000] \"GET /api/v1/health HTTP/1.1\" 200 129 \"-\" \"Mozilla/5.0 (X11; Ubuntu; Linux x86_64; rv:148.0) Gecko/20100101 Firefox/148.0\""}
{"timestamp":"2026-03-10 19:43:19","level":"info","message":"::ffff:127.0.0.1 - - [10/Mar/2026:18:43:19 +0000] \"GET /favicon.ico HTTP/1.1\" 404 76 \"-\" \"Mozilla/5.0 (X11; Ubuntu; Linux x86_64; rv:148.0) Gecko/20100101 Firefox/148.0\""}
{"timestamp":"2026-03-10 19:44:21","level":"debug","message":"Executing (default): SELECT `id`, `email`, `password_hash`, `first_name`, `last_name`, `role`, `is_active`, `last_login_at`, `created_at` AS `createdAt`, `updated_at` AS `updatedAt`, `deleted_at` AS `deletedAt` FROM `users` AS `User` WHERE (`User`.`deleted_at` IS NULL AND `User`.`email` = 'test@test.com');"}
{"timestamp":"2026-03-10 19:44:21","level":"info","message":"::1 - - [10/Mar/2026:18:44:21 +0000] \"POST /api/v1/auth/register HTTP/1.1\" 409 87 \"-\" \"curl/8.14.1\""}
{"timestamp":"2026-03-10 19:45:31","level":"debug","message":"Executing (default): SELECT `id`, `email`, `password_hash`, `first_name`, `last_name`, `role`, `is_active`, `last_login_at`, `created_at` AS `createdAt`, `updated_at` AS `updatedAt`, `deleted_at` AS `deletedAt` FROM `users` AS `User` WHERE (`User`.`deleted_at` IS NULL AND `User`.`email` = 'nouveau@test.com');"}
{"timestamp":"2026-03-10 19:45:31","level":"debug","message":"Executing (default): INSERT INTO `users` (`id`,`email`,`password_hash`,`first_name`,`last_name`,`role`,`is_active`,`created_at`,`updated_at`) VALUES (DEFAULT,?,?,?,?,?,?,?,?);"}
{"timestamp":"2026-03-10 19:45:31","level":"debug","message":"Executing (default): INSERT INTO `audit_logs` (`id`,`user_id`,`action`,`entity_type`,`entity_id`,`meta`,`ip_address`,`created_at`) VALUES (DEFAULT,?,?,?,?,?,?,?);"}
{"timestamp":"2026-03-10 19:45:31","level":"info","message":"Nouvel utilisateur créé","meta":{"userId":5}}
{"timestamp":"2026-03-10 19:45:31","level":"info","message":"::1 - - [10/Mar/2026:18:45:31 +0000] \"POST /api/v1/auth/register HTTP/1.1\" 201 211 \"-\" \"curl/8.14.1\""}
{"timestamp":"2026-03-10 19:47:03","level":"debug","message":"Executing (default): SELECT `id`, `email`, `password_hash`, `first_name`, `last_name`, `role`, `is_active`, `last_login_at`, `created_at` AS `createdAt`, `updated_at` AS `updatedAt`, `deleted_at` AS `deletedAt` FROM `users` AS `User` WHERE (`User`.`deleted_at` IS NULL AND `User`.`email` = 'admin@example.com');"}
{"timestamp":"2026-03-10 19:47:03","level":"debug","message":"Executing (default): INSERT INTO `tokens` (`id`,`user_id`,`token_hash`,`expires_at`,`revoked_at`,`ip_address`,`user_agent`,`created_at`) VALUES (DEFAULT,?,?,?,?,?,?,?);"}
{"timestamp":"2026-03-10 19:47:03","level":"debug","message":"Executing (default): UPDATE `users` SET `last_login_at`=?,`updated_at`=? WHERE `id` = ?"}
{"timestamp":"2026-03-10 19:47:03","level":"debug","message":"Executing (default): INSERT INTO `audit_logs` (`id`,`user_id`,`action`,`entity_type`,`entity_id`,`meta`,`ip_address`,`created_at`) VALUES (DEFAULT,?,?,?,?,?,?,?);"}
{"timestamp":"2026-03-10 19:47:03","level":"info","message":"::1 - - [10/Mar/2026:18:47:03 +0000] \"POST /api/v1/auth/login HTTP/1.1\" 200 497 \"-\" \"curl/8.14.1\""}
{"timestamp":"2026-03-10 19:50:51","level":"debug","message":"Executing (default): SELECT `id`, `email`, `first_name`, `last_name`, `role`, `is_active`, `last_login_at`, `created_at` AS `createdAt`, `updated_at` AS `updatedAt`, `deleted_at` AS `deletedAt` FROM `users` AS `User` WHERE (`User`.`deleted_at` IS NULL AND (`User`.`id` = 1 AND `User`.`is_active` = true));"}
{"timestamp":"2026-03-10 19:50:51","level":"debug","message":"Executing (default): SELECT count(*) AS `count` FROM `users` AS `User` WHERE (`User`.`deleted_at` IS NULL);"}
{"timestamp":"2026-03-10 19:50:51","level":"debug","message":"Executing (default): SELECT `id`, `email`, `first_name`, `last_name`, `role`, `is_active`, `last_login_at`, `created_at` AS `createdAt`, `updated_at` AS `updatedAt`, `deleted_at` AS `deletedAt` FROM `users` AS `User` WHERE (`User`.`deleted_at` IS NULL) ORDER BY `createdAt` DESC LIMIT 0, 20;"}
{"timestamp":"2026-03-10 19:50:51","level":"info","message":"::1 - - [10/Mar/2026:18:50:51 +0000] \"GET /api/v1/users HTTP/1.1\" 200 1274 \"-\" \"curl/8.14.1\""}
